<?xml version="1.0" encoding="UTF-8"?>
<!-- Generated by org.testng.reporters.JUnitReportReporter -->
<testsuite hostname="DESKTOP-L8VPHJS" failures="0" tests="1" name="testScripts.LoginTest" time="5.029" errors="0" timestamp="2023-09-08T14:46:42 IST" skipped="0">
  <testcase classname="testScripts.LoginTest" name="validLogin" time="5.029"/>
  <system-out/>
</testsuite> <!-- testScripts.LoginTest -->
